<?xml version="1.0" encoding="UTF-8"?>
<testng-results skipped="0" failed="0" ignored="0" total="1" passed="1">
  <reporter-output>
  </reporter-output>
  <suite name="Default suite" duration-ms="21500" started-at="2018-07-22T10:48:06Z" finished-at="2018-07-22T10:48:27Z">
    <groups>
    </groups>
    <test name="Default test" duration-ms="21500" started-at="2018-07-22T10:48:06Z" finished-at="2018-07-22T10:48:27Z">
      <class name="com.actitime.tests.FlipkartTest">
        <test-method status="PASS" signature="preCondition()[pri:0, instance:com.actitime.tests.FlipkartTest@2f943d71]" name="preCondition" is-config="true" duration-ms="15639" started-at="2018-07-22T10:48:06Z" finished-at="2018-07-22T10:48:21Z">
          <reporter-output>
          </reporter-output>
        </test-method> <!-- preCondition -->
        <test-method status="PASS" signature="testFlipkart()[pri:1, instance:com.actitime.tests.FlipkartTest@2f943d71]" name="testFlipkart" duration-ms="5828" started-at="2018-07-22T10:48:21Z" finished-at="2018-07-22T10:48:27Z">
          <reporter-output>
          </reporter-output>
        </test-method> <!-- testFlipkart -->
        <test-method status="PASS" signature="postCondition(org.testng.ITestResult)[pri:0, instance:com.actitime.tests.FlipkartTest@2f943d71]" name="postCondition" is-config="true" duration-ms="3" started-at="2018-07-22T10:48:27Z" finished-at="2018-07-22T10:48:27Z">
          <params>
            <param index="0">
              <value>
                <![CDATA[[TestResult name=testFlipkart status=SUCCESS method=FlipkartTest.testFlipkart()[pri:1, instance:com.actitime.tests.FlipkartTest@2f943d71] output={null}]]]>
              </value>
            </param>
          </params>
          <reporter-output>
          </reporter-output>
        </test-method> <!-- postCondition -->
      </class> <!-- com.actitime.tests.FlipkartTest -->
    </test> <!-- Default test -->
  </suite> <!-- Default suite -->
</testng-results>
